SF:lib/bloc/submit_button/submit_button_state.dart
DA:6,1
DA:10,0
DA:11,0
DA:15,1
DA:16,1
DA:20,0
DA:22,0
DA:23,0
LF:8
LH:3
end_of_record
SF:lib/bloc/submit_button/submit_button_event.dart
DA:6,1
DA:11,1
DA:16,0
DA:18,0
DA:22,0
DA:24,0
DA:26,0
LF:7
LH:2
end_of_record
SF:lib/bloc/submit_button/submit_button_bloc.dart
DA:17,3
DA:18,2
DA:19,3
DA:21,1
DA:22,0
DA:26,1
DA:30,2
DA:31,5
DA:32,1
DA:33,1
DA:34,1
DA:35,1
DA:36,0
LF:13
LH:11
end_of_record
SF:lib/bloc/switch/switch_event.dart
DA:6,0
DA:10,0
DA:13,0
DA:15,0
LF:4
LH:0
end_of_record
SF:lib/bloc/switch/switch_bloc.dart
DA:9,0
DA:10,0
DA:11,0
LF:3
LH:0
end_of_record
SF:lib/utils/formz_validation/name_input_validation.dart
DA:5,1
DA:8,0
DA:10,0
DA:12,0
DA:15,0
DA:21,0
LF:6
LH:1
end_of_record
SF:lib/api/models/failure.dart
DA:6,1
DA:11,0
DA:12,0
LF:3
LH:1
end_of_record
SF:lib/api/models/message.dart
DA:4,0
DA:9,0
DA:11,0
LF:3
LH:0
end_of_record
SF:lib/api/repositories/name_validation_repository.dart
DA:21,0
DA:22,0
DA:23,0
DA:28,1
DA:32,3
DA:33,0
DA:34,0
DA:36,0
DA:38,0
DA:45,0
DA:46,0
DA:51,0
DA:55,1
DA:57,1
DA:58,0
LF:15
LH:4
end_of_record
SF:lib/api/widgetbook_api.dart
DA:12,1
DA:14,1
DA:20,1
DA:23,2
DA:24,0
DA:30,0
DA:33,0
DA:34,0
DA:35,0
DA:38,0
DA:44,1
DA:47,1
DA:48,1
LF:13
LH:7
end_of_record
SF:lib/app.dart
DA:16,0
DA:17,0
DA:20,0
DA:22,0
DA:23,0
DA:24,0
DA:25,0
DA:27,0
DA:28,0
DA:30,0
DA:31,0
DA:32,0
DA:34,0
DA:35,0
DA:38,0
DA:39,0
DA:40,0
DA:41,0
DA:42,0
DA:43,0
DA:61,0
DA:63,0
DA:64,0
DA:70,0
DA:73,0
DA:76,0
DA:77,0
LF:27
LH:0
end_of_record
SF:lib/bloc/name_text_field_validation/name_text_field_validation_state.dart
DA:7,1
DA:11,1
DA:12,0
DA:16,1
DA:17,0
DA:22,1
DA:23,0
DA:27,0
DA:28,0
LF:9
LH:4
end_of_record
SF:lib/bloc/name_text_field_validation/name_text_field_validation_event.dart
DA:6,1
DA:12,1
DA:16,0
DA:17,0
LF:4
LH:2
end_of_record
SF:lib/bloc/name_text_field_validation/name_text_field_validation_bloc.dart
DA:15,0
DA:18,0
DA:19,0
DA:21,0
DA:22,0
DA:30,0
DA:32,0
DA:33,0
DA:34,0
DA:37,0
DA:41,0
DA:42,0
DA:43,0
DA:44,0
DA:46,0
DA:49,0
DA:51,0
LF:17
LH:0
end_of_record
SF:lib/bloc/theme/theme_state.dart
DA:6,0
DA:11,0
DA:12,0
DA:14,0
DA:15,0
DA:17,0
DA:18,0
DA:22,0
DA:24,0
DA:25,0
DA:27,0
DA:28,0
DA:33,0
DA:34,0
DA:36,0
DA:37,0
DA:39,0
DA:40,0
LF:18
LH:0
end_of_record
SF:lib/bloc/theme/theme_event.dart
DA:6,1
DA:10,1
DA:12,0
DA:14,0
DA:18,1
DA:20,0
DA:22,0
LF:7
LH:3
end_of_record
SF:lib/bloc/theme/theme_bloc.dart
DA:14,0
DA:15,0
DA:16,0
DA:18,0
DA:19,0
DA:23,0
DA:24,0
DA:27,0
DA:28,0
LF:9
LH:0
end_of_record
SF:lib/localization/app_localizations.dart
DA:11,0
DA:17,0
DA:18,0
DA:25,0
DA:28,0
DA:30,0
DA:32,0
DA:33,0
DA:40,0
DA:41,0
DA:49,1
DA:51,0
DA:54,0
DA:58,0
DA:60,0
DA:61,0
DA:65,0
LF:17
LH:1
end_of_record
SF:lib/ui/screens/home.dart
DA:17,1
DA:19,0
DA:20,0
DA:32,0
DA:34,0
DA:37,0
DA:40,0
DA:41,0
DA:42,0
DA:47,0
DA:49,0
DA:50,0
DA:51,0
DA:52,0
DA:53,0
DA:54,0
DA:55,0
DA:56,0
DA:57,0
DA:58,0
DA:60,0
DA:61,0
DA:62,0
DA:63,0
DA:64,0
DA:67,0
DA:69,0
DA:70,0
DA:71,0
DA:72,0
DA:73,0
DA:74,0
DA:75,0
DA:76,0
DA:80,0
DA:82,0
DA:83,0
DA:84,0
DA:85,0
DA:86,0
DA:87,0
DA:88,0
DA:89,0
DA:93,0
DA:95,0
DA:96,0
DA:97,0
DA:99,0
DA:100,0
DA:101,0
DA:102,0
DA:103,0
DA:104,0
DA:106,0
DA:109,0
DA:110,0
DA:112,0
DA:113,0
DA:115,0
DA:116,0
DA:119,0
DA:120,0
DA:121,0
DA:122,0
DA:123,0
DA:124,0
DA:128,0
DA:129,0
DA:130,0
DA:131,0
DA:133,0
DA:141,0
DA:143,0
DA:144,0
DA:145,0
DA:146,0
DA:147,0
DA:148,0
DA:172,0
DA:174,0
DA:179,0
DA:181,0
DA:182,0
DA:183,0
DA:184,0
DA:188,0
DA:196,0
DA:197,0
DA:198,0
DA:199,0
DA:200,0
DA:206,0
DA:208,0
DA:209,0
DA:211,0
DA:213,0
DA:215,0
DA:219,0
DA:222,0
DA:223,0
DA:224,0
DA:225,0
DA:229,0
DA:230,0
DA:233,0
DA:234,0
DA:237,0
DA:240,0
DA:260,0
DA:262,0
DA:264,0
DA:265,0
DA:266,0
DA:269,0
DA:270,0
DA:271,0
DA:272,0
LF:117
LH:1
end_of_record
SF:lib/themes/app_themes.dart
DA:5,1
DA:7,0
DA:8,0
DA:16,0
LF:4
LH:1
end_of_record
SF:lib/ui/widgets/show_response.dart
DA:11,1
DA:13,0
DA:15,0
DA:16,0
DA:17,0
DA:18,0
DA:19,0
DA:20,0
DA:21,0
DA:22,0
DA:25,0
DA:26,0
DA:33,0
DA:34,0
DA:37,0
DA:44,0
DA:46,0
DA:49,0
DA:50,0
DA:51,0
DA:52,0
DA:55,0
DA:56,0
DA:57,0
DA:58,0
DA:59,0
LF:26
LH:1
end_of_record
